<?xml version="1.0" encoding="UTF-8"?>
<!-- Generated by org.testng.reporters.JUnitReportReporter -->
<testsuite skipped="10" hostname="DESKTOP-987SG1D" name="Testcases.Google_02_PageTest" tests="10" failures="0" timestamp="2020-03-17T20:54:22 IST" time="0.000" errors="0">
  <testcase name="verifyAccount" time="0.000" classname="Testcases.Google_02_PageTest">
    <skipped/>
  </testcase> <!-- verifyAccount -->
  <testcase name="verifySearch" time="0.000" classname="Testcases.Google_02_PageTest">
    <skipped/>
  </testcase> <!-- verifySearch -->
  <testcase name="verifyMaps" time="0.000" classname="Testcases.Google_02_PageTest">
    <skipped/>
  </testcase> <!-- verifyMaps -->
  <testcase name="verifyYouTube" time="0.000" classname="Testcases.Google_02_PageTest">
    <skipped/>
  </testcase> <!-- verifyYouTube -->
  <testcase name="verifyPlay" time="0.000" classname="Testcases.Google_02_PageTest">
    <skipped/>
  </testcase> <!-- verifyPlay -->
  <testcase name="verifyNews" time="0.000" classname="Testcases.Google_02_PageTest">
    <skipped/>
  </testcase> <!-- verifyNews -->
  <testcase name="verifyGmail" time="0.000" classname="Testcases.Google_02_PageTest">
    <skipped/>
  </testcase> <!-- verifyGmail -->
  <testcase name="verifyDrive" time="0.000" classname="Testcases.Google_02_PageTest">
    <skipped/>
  </testcase> <!-- verifyDrive -->
  <testcase name="verifyTranslate" time="0.000" classname="Testcases.Google_02_PageTest">
    <skipped/>
  </testcase> <!-- verifyTranslate -->
  <testcase name="verifyPhotos" time="0.000" classname="Testcases.Google_02_PageTest">
    <skipped/>
  </testcase> <!-- verifyPhotos -->
</testsuite> <!-- Testcases.Google_02_PageTest -->
