<?xml version="1.0" encoding="UTF-8"?>
<!-- Generated by org.testng.reporters.JUnitReportReporter -->
<testsuite skipped="1" hostname="DESKTOP-987SG1D" name="Testcases.Google_05_HindiTest" tests="1" failures="0" timestamp="2020-03-17T20:54:22 IST" time="0.000" errors="0">
  <testcase name="checkGooglePageinHindiLanguage" time="0.000" classname="Testcases.Google_05_HindiTest">
    <skipped/>
  </testcase> <!-- checkGooglePageinHindiLanguage -->
</testsuite> <!-- Testcases.Google_05_HindiTest -->
