<?xml version="1.0" encoding="UTF-8"?>
<!-- Generated by org.testng.reporters.JUnitReportReporter -->
<testsuite skipped="0" hostname="DESKTOP-987SG1D" name="Testcases.Google_01_PageTest" tests="3" failures="0" timestamp="2020-04-04T23:14:41 IST" time="48.780" errors="0">
  <testcase name="verifySearchBox" time="25.703" classname="Testcases.Google_01_PageTest"/>
  <testcase name="verifySearchbtn" time="10.364" classname="Testcases.Google_01_PageTest"/>
  <testcase name="verifySearchluckybtn" time="12.713" classname="Testcases.Google_01_PageTest"/>
</testsuite> <!-- Testcases.Google_01_PageTest -->
